<?xml version="1.0" encoding="UTF-8"?>
<coverage generated="1692326147607" clover="3.2.0">
  <project timestamp="1692326147607" name="All files">
    <metrics statements="57" coveredstatements="57" conditionals="23" coveredconditionals="23" methods="20" coveredmethods="20" elements="100" coveredelements="100" complexity="0" loc="57" ncloc="57" packages="8" files="11" classes="11"/>
    <package name="domain.errors">
      <metrics statements="12" coveredstatements="12" conditionals="2" coveredconditionals="2" methods="4" coveredmethods="4"/>
      <file name="BadRequestError.ts" path="/home/rafaelkillua/workspace/entrevistas/vittude/src/domain/errors/BadRequestError.ts">
        <metrics statements="2" coveredstatements="2" conditionals="0" coveredconditionals="0" methods="1" coveredmethods="1"/>
        <line num="3" count="1" type="stmt"/>
        <line num="4" count="1" type="stmt"/>
      </file>
      <file name="ForbiddenError.ts" path="/home/rafaelkillua/workspace/entrevistas/vittude/src/domain/errors/ForbiddenError.ts">
        <metrics statements="2" coveredstatements="2" conditionals="0" coveredconditionals="0" methods="1" coveredmethods="1"/>
        <line num="3" count="1" type="stmt"/>
        <line num="4" count="1" type="stmt"/>
      </file>
      <file name="ServerError.ts" path="/home/rafaelkillua/workspace/entrevistas/vittude/src/domain/errors/ServerError.ts">
        <metrics statements="6" coveredstatements="6" conditionals="2" coveredconditionals="2" methods="1" coveredmethods="1"/>
        <line num="3" count="4" type="cond" truecount="2" falsecount="0"/>
        <line num="5" count="1" type="stmt"/>
        <line num="6" count="1" type="stmt"/>
        <line num="7" count="3" type="stmt"/>
        <line num="8" count="3" type="stmt"/>
        <line num="10" count="4" type="stmt"/>
      </file>
      <file name="UnauthorizedError.ts" path="/home/rafaelkillua/workspace/entrevistas/vittude/src/domain/errors/UnauthorizedError.ts">
        <metrics statements="2" coveredstatements="2" conditionals="0" coveredconditionals="0" methods="1" coveredmethods="1"/>
        <line num="3" count="2" type="stmt"/>
        <line num="4" count="2" type="stmt"/>
      </file>
    </package>
    <package name="domain.gateways">
      <metrics statements="1" coveredstatements="1" conditionals="2" coveredconditionals="2" methods="1" coveredmethods="1"/>
      <file name="toast.ts" path="/home/rafaelkillua/workspace/entrevistas/vittude/src/domain/gateways/toast.ts">
        <metrics statements="1" coveredstatements="1" conditionals="2" coveredconditionals="2" methods="1" coveredmethods="1"/>
        <line num="8" count="5" type="cond" truecount="2" falsecount="0"/>
      </file>
    </package>
    <package name="domain.protocols">
      <metrics statements="1" coveredstatements="1" conditionals="2" coveredconditionals="2" methods="1" coveredmethods="1"/>
      <file name="HttpClient.ts" path="/home/rafaelkillua/workspace/entrevistas/vittude/src/domain/protocols/HttpClient.ts">
        <metrics statements="1" coveredstatements="1" conditionals="2" coveredconditionals="2" methods="1" coveredmethods="1"/>
        <line num="10" count="5" type="cond" truecount="2" falsecount="0"/>
      </file>
    </package>
    <package name="domain.usecases.auth">
      <metrics statements="9" coveredstatements="9" conditionals="3" coveredconditionals="3" methods="2" coveredmethods="2"/>
      <file name="RemoteTokenAuthentication.ts" path="/home/rafaelkillua/workspace/entrevistas/vittude/src/domain/usecases/auth/RemoteTokenAuthentication.ts">
        <metrics statements="9" coveredstatements="9" conditionals="3" coveredconditionals="3" methods="2" coveredmethods="2"/>
        <line num="10" count="4" type="stmt"/>
        <line num="11" count="4" type="stmt"/>
        <line num="17" count="4" type="stmt"/>
        <line num="18" count="4" type="stmt"/>
        <line num="22" count="4" type="stmt"/>
        <line num="27" count="4" type="cond" truecount="3" falsecount="0"/>
        <line num="29" count="2" type="stmt"/>
        <line num="30" count="1" type="stmt"/>
        <line num="31" count="1" type="stmt"/>
      </file>
    </package>
    <package name="presentation.components.Button">
      <metrics statements="3" coveredstatements="3" conditionals="1" coveredconditionals="1" methods="1" coveredmethods="1"/>
      <file name="Button.tsx" path="/home/rafaelkillua/workspace/entrevistas/vittude/src/presentation/components/Button/Button.tsx">
        <metrics statements="3" coveredstatements="3" conditionals="1" coveredconditionals="1" methods="1" coveredmethods="1"/>
        <line num="7" count="4" type="stmt"/>
        <line num="9" count="4" type="stmt"/>
        <line num="10" count="21" type="cond" truecount="1" falsecount="0"/>
      </file>
    </package>
    <package name="presentation.components.Input">
      <metrics statements="14" coveredstatements="14" conditionals="9" coveredconditionals="9" methods="5" coveredmethods="5"/>
      <file name="Input.tsx" path="/home/rafaelkillua/workspace/entrevistas/vittude/src/presentation/components/Input/Input.tsx">
        <metrics statements="14" coveredstatements="14" conditionals="9" coveredconditionals="9" methods="5" coveredmethods="5"/>
        <line num="10" count="4" type="stmt"/>
        <line num="12" count="4" type="stmt"/>
        <line num="13" count="24" type="stmt"/>
        <line num="15" count="24" type="stmt"/>
        <line num="16" count="24" type="cond" truecount="2" falsecount="0"/>
        <line num="17" count="24" type="stmt"/>
        <line num="19" count="24" type="stmt"/>
        <line num="21" count="24" type="stmt"/>
        <line num="22" count="3" type="stmt"/>
        <line num="25" count="24" type="stmt"/>
        <line num="26" count="14" type="cond" truecount="4" falsecount="0"/>
        <line num="27" count="2" type="stmt"/>
        <line num="29" count="12" type="stmt"/>
        <line num="32" count="24" type="stmt"/>
      </file>
    </package>
    <package name="presentation.components.LoginForm">
      <metrics statements="10" coveredstatements="10" conditionals="0" coveredconditionals="0" methods="2" coveredmethods="2"/>
      <file name="LoginForm.tsx" path="/home/rafaelkillua/workspace/entrevistas/vittude/src/presentation/components/LoginForm/LoginForm.tsx">
        <metrics statements="10" coveredstatements="10" conditionals="0" coveredconditionals="0" methods="2" coveredmethods="2"/>
        <line num="9" count="4" type="stmt"/>
        <line num="11" count="4" type="stmt"/>
        <line num="12" count="9" type="stmt"/>
        <line num="19" count="9" type="stmt"/>
        <line num="20" count="2" type="stmt"/>
        <line num="21" count="2" type="stmt"/>
        <line num="22" count="1" type="stmt"/>
        <line num="23" count="1" type="stmt"/>
        <line num="25" count="1" type="stmt"/>
        <line num="26" count="1" type="stmt"/>
      </file>
    </package>
    <package name="presentation.components.NavBar">
      <metrics statements="7" coveredstatements="7" conditionals="4" coveredconditionals="4" methods="4" coveredmethods="4"/>
      <file name="NavBar.tsx" path="/home/rafaelkillua/workspace/entrevistas/vittude/src/presentation/components/NavBar/NavBar.tsx">
        <metrics statements="7" coveredstatements="7" conditionals="4" coveredconditionals="4" methods="4" coveredmethods="4"/>
        <line num="10" count="4" type="stmt"/>
        <line num="12" count="4" type="stmt"/>
        <line num="13" count="6" type="stmt"/>
        <line num="15" count="6" type="stmt"/>
        <line num="16" count="3" type="stmt"/>
        <line num="37" count="2" type="stmt"/>
        <line num="39" count="1" type="cond" truecount="2" falsecount="0"/>
      </file>
    </package>
  </project>
</coverage>
