{"/home/rafaelkillua/workspace/entrevistas/vittude/src/domain/errors/BadRequestError.ts": {"path":"/home/rafaelkillua/workspace/entrevistas/vittude/src/domain/errors/BadRequestError.ts","statementMap":{"0":{"start":{"line":3,"column":4},"end":{"line":3,"column":null}},"1":{"start":{"line":4,"column":4},"end":{"line":4,"column":null}}},"fnMap":{"0":{"name":"(anonymous_0)","decl":{"start":{"line":2,"column":2},"end":{"line":2,"column":15}},"loc":{"start":{"line":2,"column":33},"end":{"line":5,"column":null}}}},"branchMap":{},"s":{"0":1,"1":1},"f":{"0":1},"b":{}}
,"/home/rafaelkillua/workspace/entrevistas/vittude/src/domain/errors/ForbiddenError.ts": {"path":"/home/rafaelkillua/workspace/entrevistas/vittude/src/domain/errors/ForbiddenError.ts","statementMap":{"0":{"start":{"line":3,"column":4},"end":{"line":3,"column":null}},"1":{"start":{"line":4,"column":4},"end":{"line":4,"column":null}}},"fnMap":{"0":{"name":"(anonymous_0)","decl":{"start":{"line":2,"column":2},"end":{"line":2,"column":17}},"loc":{"start":{"line":2,"column":17},"end":{"line":5,"column":null}}}},"branchMap":{},"s":{"0":1,"1":1},"f":{"0":1},"b":{}}
,"/home/rafaelkillua/workspace/entrevistas/vittude/src/domain/errors/ServerError.ts": {"path":"/home/rafaelkillua/workspace/entrevistas/vittude/src/domain/errors/ServerError.ts","statementMap":{"0":{"start":{"line":3,"column":4},"end":{"line":9,"column":null}},"1":{"start":{"line":5,"column":8},"end":{"line":5,"column":null}},"2":{"start":{"line":6,"column":8},"end":{"line":6,"column":null}},"3":{"start":{"line":7,"column":15},"end":{"line":7,"column":null}},"4":{"start":{"line":8,"column":8},"end":{"line":8,"column":null}},"5":{"start":{"line":10,"column":4},"end":{"line":10,"column":null}}},"fnMap":{"0":{"name":"(anonymous_0)","decl":{"start":{"line":2,"column":2},"end":{"line":2,"column":15}},"loc":{"start":{"line":2,"column":33},"end":{"line":11,"column":null}}}},"branchMap":{"0":{"loc":{"start":{"line":3,"column":4},"end":{"line":9,"column":null}},"type":"switch","locations":[{"start":{"line":4,"column":6},"end":{"line":6,"column":null}},{"start":{"line":7,"column":6},"end":{"line":8,"column":null}}]}},"s":{"0":4,"1":1,"2":1,"3":3,"4":3,"5":4},"f":{"0":4},"b":{"0":[1,3]}}
,"/home/rafaelkillua/workspace/entrevistas/vittude/src/domain/errors/UnauthorizedError.ts": {"path":"/home/rafaelkillua/workspace/entrevistas/vittude/src/domain/errors/UnauthorizedError.ts","statementMap":{"0":{"start":{"line":3,"column":4},"end":{"line":3,"column":null}},"1":{"start":{"line":4,"column":4},"end":{"line":4,"column":null}}},"fnMap":{"0":{"name":"(anonymous_0)","decl":{"start":{"line":2,"column":2},"end":{"line":2,"column":17}},"loc":{"start":{"line":2,"column":17},"end":{"line":5,"column":null}}}},"branchMap":{},"s":{"0":2,"1":2},"f":{"0":2},"b":{}}
,"/home/rafaelkillua/workspace/entrevistas/vittude/src/domain/gateways/toast.ts": {"path":"/home/rafaelkillua/workspace/entrevistas/vittude/src/domain/gateways/toast.ts","statementMap":{"0":{"start":{"line":8,"column":12},"end":{"line":8,"column":22}},"1":{"start":{"line":8,"column":12},"end":{"line":9,"column":null}},"2":{"start":{"line":8,"column":12},"end":{"line":10,"column":null}},"3":{"start":{"line":8,"column":12},"end":{"line":11,"column":null}},"4":{"start":{"line":8,"column":12},"end":{"line":12,"column":null}},"5":{"start":{"line":8,"column":12},"end":{"line":13,"column":null}}},"fnMap":{"0":{"name":"(anonymous_0)","decl":{"start":{"line":8,"column":12},"end":{"line":8,"column":22}},"loc":{"start":{"line":8,"column":22},"end":{"line":8,"column":11}}}},"branchMap":{"0":{"loc":{"start":{"line":8,"column":12},"end":{"line":8,"column":22}},"type":"binary-expr","locations":[{"start":{"line":8,"column":12},"end":{"line":8,"column":22}},{"start":{"line":8,"column":12},"end":{"line":8,"column":22}}]}},"s":{"0":5,"1":5,"2":5,"3":5,"4":5,"5":5},"f":{"0":5},"b":{"0":[5,5]}}
,"/home/rafaelkillua/workspace/entrevistas/vittude/src/domain/protocols/HttpClient.ts": {"path":"/home/rafaelkillua/workspace/entrevistas/vittude/src/domain/protocols/HttpClient.ts","statementMap":{"0":{"start":{"line":10,"column":12},"end":{"line":10,"column":26}},"1":{"start":{"line":10,"column":12},"end":{"line":11,"column":7}},"2":{"start":{"line":10,"column":12},"end":{"line":12,"column":12}},"3":{"start":{"line":10,"column":12},"end":{"line":13,"column":14}},"4":{"start":{"line":10,"column":12},"end":{"line":14,"column":15}},"5":{"start":{"line":10,"column":12},"end":{"line":15,"column":17}},"6":{"start":{"line":10,"column":12},"end":{"line":16,"column":14}},"7":{"start":{"line":10,"column":12},"end":{"line":17,"column":16}}},"fnMap":{"0":{"name":"(anonymous_0)","decl":{"start":{"line":10,"column":12},"end":{"line":10,"column":26}},"loc":{"start":{"line":10,"column":26},"end":{"line":10,"column":11}}}},"branchMap":{"0":{"loc":{"start":{"line":10,"column":12},"end":{"line":10,"column":26}},"type":"binary-expr","locations":[{"start":{"line":10,"column":12},"end":{"line":10,"column":26}},{"start":{"line":10,"column":12},"end":{"line":10,"column":26}}]}},"s":{"0":5,"1":5,"2":5,"3":5,"4":5,"5":5,"6":5,"7":5},"f":{"0":5},"b":{"0":[5,5]}}
,"/home/rafaelkillua/workspace/entrevistas/vittude/src/domain/usecases/auth/RemoteTokenAuthentication.ts": {"path":"/home/rafaelkillua/workspace/entrevistas/vittude/src/domain/usecases/auth/RemoteTokenAuthentication.ts","statementMap":{"0":{"start":{"line":22,"column":21},"end":{"line":26,"column":null}},"1":{"start":{"line":27,"column":4},"end":{"line":32,"column":null}},"2":{"start":{"line":29,"column":30},"end":{"line":29,"column":null}},"3":{"start":{"line":30,"column":40},"end":{"line":30,"column":null}},"4":{"start":{"line":31,"column":15},"end":{"line":31,"column":null}},"5":{"start":{"line":10,"column":2},"end":{"line":10,"column":19}},"6":{"start":{"line":11,"column":2},"end":{"line":11,"column":19}},"7":{"start":{"line":17,"column":4},"end":{"line":17,"column":null}},"8":{"start":{"line":18,"column":4},"end":{"line":18,"column":null}}},"fnMap":{"0":{"name":"(anonymous_1)","decl":{"start":{"line":21,"column":2},"end":{"line":21,"column":8}},"loc":{"start":{"line":21,"column":73},"end":{"line":33,"column":null}}},"1":{"name":"(anonymous_2)","decl":{"start":{"line":13,"column":2},"end":{"line":13,"column":null}},"loc":{"start":{"line":16,"column":4},"end":{"line":19,"column":null}}}},"branchMap":{"0":{"loc":{"start":{"line":27,"column":4},"end":{"line":32,"column":null}},"type":"switch","locations":[{"start":{"line":29,"column":6},"end":{"line":29,"column":null}},{"start":{"line":30,"column":6},"end":{"line":30,"column":null}},{"start":{"line":31,"column":6},"end":{"line":31,"column":null}}]}},"s":{"0":4,"1":4,"2":2,"3":1,"4":1,"5":4,"6":4,"7":4,"8":4},"f":{"0":4,"1":4},"b":{"0":[2,1,1]}}
,"/home/rafaelkillua/workspace/entrevistas/vittude/src/presentation/components/Button/Button.tsx": {"path":"/home/rafaelkillua/workspace/entrevistas/vittude/src/presentation/components/Button/Button.tsx","statementMap":{"0":{"start":{"line":7,"column":11},"end":{"line":7,"column":null}},"1":{"start":{"line":9,"column":40},"end":{"line":17,"column":1}},"2":{"start":{"line":10,"column":66},"end":{"line":10,"column":null}}},"fnMap":{"0":{"name":"(anonymous_0)","decl":{"start":{"line":9,"column":40},"end":{"line":9,"column":41}},"loc":{"start":{"line":9,"column":41},"end":{"line":17,"column":1}}}},"branchMap":{"0":{"loc":{"start":{"line":10,"column":10},"end":{"line":10,"column":31}},"type":"default-arg","locations":[{"start":{"line":10,"column":20},"end":{"line":10,"column":31}}]}},"s":{"0":4,"1":4,"2":21},"f":{"0":21},"b":{"0":[12]}}
,"/home/rafaelkillua/workspace/entrevistas/vittude/src/presentation/components/Input/Input.tsx": {"path":"/home/rafaelkillua/workspace/entrevistas/vittude/src/presentation/components/Input/Input.tsx","statementMap":{"0":{"start":{"line":10,"column":11},"end":{"line":10,"column":null}},"1":{"start":{"line":12,"column":21},"end":{"line":60,"column":2}},"2":{"start":{"line":13,"column":64},"end":{"line":13,"column":null}},"3":{"start":{"line":15,"column":14},"end":{"line":15,"column":null}},"4":{"start":{"line":16,"column":18},"end":{"line":16,"column":null}},"5":{"start":{"line":17,"column":17},"end":{"line":17,"column":34}},"6":{"start":{"line":19,"column":42},"end":{"line":19,"column":null}},"7":{"start":{"line":21,"column":29},"end":{"line":23,"column":null}},"8":{"start":{"line":22,"column":4},"end":{"line":22,"column":null}},"9":{"start":{"line":22,"column":32},"end":{"line":22,"column":null}},"10":{"start":{"line":25,"column":20},"end":{"line":30,"column":null}},"11":{"start":{"line":26,"column":4},"end":{"line":28,"column":null}},"12":{"start":{"line":27,"column":6},"end":{"line":27,"column":null}},"13":{"start":{"line":29,"column":4},"end":{"line":29,"column":null}},"14":{"start":{"line":32,"column":19},"end":{"line":32,"column":null}},"15":{"start":{"line":32,"column":33},"end":{"line":32,"column":49}}},"fnMap":{"0":{"name":"Input","decl":{"start":{"line":12,"column":72},"end":{"line":12,"column":78}},"loc":{"start":{"line":12,"column":88},"end":{"line":60,"column":2}}},"1":{"name":"(anonymous_1)","decl":{"start":{"line":21,"column":29},"end":{"line":21,"column":null}},"loc":{"start":{"line":21,"column":29},"end":{"line":23,"column":null}}},"2":{"name":"(anonymous_2)","decl":{"start":{"line":22,"column":20},"end":{"line":22,"column":32}},"loc":{"start":{"line":22,"column":32},"end":{"line":22,"column":null}}},"3":{"name":"(anonymous_3)","decl":{"start":{"line":25,"column":28},"end":{"line":25,"column":null}},"loc":{"start":{"line":25,"column":28},"end":{"line":30,"column":5}}},"4":{"name":"(anonymous_4)","decl":{"start":{"line":32,"column":27},"end":{"line":32,"column":33}},"loc":{"start":{"line":32,"column":33},"end":{"line":32,"column":49}}}},"branchMap":{"0":{"loc":{"start":{"line":16,"column":18},"end":{"line":16,"column":null}},"type":"binary-expr","locations":[{"start":{"line":16,"column":18},"end":{"line":16,"column":24}},{"start":{"line":16,"column":24},"end":{"line":16,"column":null}}]},"1":{"loc":{"start":{"line":26,"column":4},"end":{"line":28,"column":null}},"type":"if","locations":[{"start":{"line":26,"column":4},"end":{"line":28,"column":null}},{"start":{"line":26,"column":4},"end":{"line":28,"column":null}}]},"2":{"loc":{"start":{"line":26,"column":8},"end":{"line":26,"column":45}},"type":"binary-expr","locations":[{"start":{"line":26,"column":8},"end":{"line":26,"column":31}},{"start":{"line":26,"column":31},"end":{"line":26,"column":45}}]},"3":{"loc":{"start":{"line":47,"column":7},"end":{"line":47,"column":null}},"type":"binary-expr","locations":[{"start":{"line":47,"column":7},"end":{"line":47,"column":null}}]},"4":{"loc":{"start":{"line":50,"column":15},"end":{"line":50,"column":null}},"type":"cond-expr","locations":[{"start":{"line":50,"column":30},"end":{"line":50,"column":40}},{"start":{"line":50,"column":40},"end":{"line":50,"column":null}}]}},"s":{"0":4,"1":4,"2":24,"3":24,"4":24,"5":24,"6":24,"7":24,"8":3,"9":3,"10":24,"11":14,"12":2,"13":12,"14":24,"15":12},"f":{"0":24,"1":3,"2":3,"3":14,"4":12},"b":{"0":[24,24],"1":[2,12],"2":[14,9],"3":[24],"4":[2,12]}}
,"/home/rafaelkillua/workspace/entrevistas/vittude/src/presentation/components/LoginForm/LoginForm.tsx": {"path":"/home/rafaelkillua/workspace/entrevistas/vittude/src/presentation/components/LoginForm/LoginForm.tsx","statementMap":{"0":{"start":{"line":9,"column":11},"end":{"line":9,"column":null}},"1":{"start":{"line":11,"column":46},"end":{"line":56,"column":1}},"2":{"start":{"line":12,"column":60},"end":{"line":17,"column":null}},"3":{"start":{"line":19,"column":17},"end":{"line":28,"column":null}},"4":{"start":{"line":20,"column":4},"end":{"line":27,"column":null}},"5":{"start":{"line":21,"column":18},"end":{"line":21,"column":null}},"6":{"start":{"line":22,"column":6},"end":{"line":22,"column":null}},"7":{"start":{"line":23,"column":6},"end":{"line":23,"column":null}},"8":{"start":{"line":25,"column":6},"end":{"line":25,"column":null}},"9":{"start":{"line":26,"column":6},"end":{"line":26,"column":null}}},"fnMap":{"0":{"name":"(anonymous_0)","decl":{"start":{"line":11,"column":46},"end":{"line":11,"column":47}},"loc":{"start":{"line":11,"column":73},"end":{"line":56,"column":1}}},"1":{"name":"(anonymous_1)","decl":{"start":{"line":19,"column":17},"end":{"line":19,"column":24}},"loc":{"start":{"line":19,"column":24},"end":{"line":28,"column":null}}}},"branchMap":{},"s":{"0":4,"1":4,"2":9,"3":9,"4":2,"5":2,"6":1,"7":1,"8":1,"9":1},"f":{"0":9,"1":2},"b":{}}
,"/home/rafaelkillua/workspace/entrevistas/vittude/src/presentation/components/NavBar/NavBar.tsx": {"path":"/home/rafaelkillua/workspace/entrevistas/vittude/src/presentation/components/NavBar/NavBar.tsx","statementMap":{"0":{"start":{"line":10,"column":11},"end":{"line":10,"column":null}},"1":{"start":{"line":12,"column":26},"end":{"line":45,"column":1}},"2":{"start":{"line":13,"column":34},"end":{"line":13,"column":null}},"3":{"start":{"line":15,"column":21},"end":{"line":27,"column":null}},"4":{"start":{"line":16,"column":4},"end":{"line":27,"column":7}},"5":{"start":{"line":37,"column":79},"end":{"line":37,"column":97}},"6":{"start":{"line":39,"column":86},"end":{"line":39,"column":105}}},"fnMap":{"0":{"name":"(anonymous_0)","decl":{"start":{"line":12,"column":26},"end":{"line":12,"column":null}},"loc":{"start":{"line":12,"column":26},"end":{"line":45,"column":1}}},"1":{"name":"(anonymous_1)","decl":{"start":{"line":15,"column":29},"end":{"line":15,"column":null}},"loc":{"start":{"line":16,"column":4},"end":{"line":27,"column":7}}},"2":{"name":"(anonymous_2)","decl":{"start":{"line":37,"column":71},"end":{"line":37,"column":79}},"loc":{"start":{"line":37,"column":71},"end":{"line":37,"column":100}}},"3":{"name":"(anonymous_3)","decl":{"start":{"line":39,"column":78},"end":{"line":39,"column":86}},"loc":{"start":{"line":39,"column":78},"end":{"line":39,"column":108}}}},"branchMap":{"0":{"loc":{"start":{"line":38,"column":47},"end":{"line":38,"column":81}},"type":"binary-expr","locations":[{"start":{"line":38,"column":47},"end":{"line":38,"column":59}},{"start":{"line":38,"column":59},"end":{"line":38,"column":81}}]},"1":{"loc":{"start":{"line":39,"column":11},"end":{"line":39,"column":null}},"type":"binary-expr","locations":[{"start":{"line":39,"column":11},"end":{"line":39,"column":23}},{"start":{"line":39,"column":23},"end":{"line":39,"column":null}}]}},"s":{"0":4,"1":4,"2":6,"3":6,"4":3,"5":2,"6":1},"f":{"0":6,"1":3,"2":2,"3":1},"b":{"0":[6,2],"1":[6,2]}}
}
